<?xml version="1.0" encoding="UTF-8"?>
<testsuite xmlns:xsi="http://www.w3.org/2001/XMLSchema-instance" xsi:noNamespaceSchemaLocation="https://maven.apache.org/surefire/maven-surefire-plugin/xsd/surefire-test-report.xsd" name="com.crm.BaseTest" time="1.032" tests="1" errors="1" skipped="0" failures="0">
  <properties>
    <property name="sun.desktop" value="windows"/>
    <property name="awt.toolkit" value="sun.awt.windows.WToolkit"/>
    <property name="file.encoding.pkg" value="sun.io"/>
    <property name="java.specification.version" value="1.8"/>
    <property name="sun.cpu.isalist" value="amd64"/>
    <property name="sun.jnu.encoding" value="GBK"/>
    <property name="java.class.path" value="C:\Users\Administrator\Desktop\CRM\crm\target\test-classes;C:\Users\Administrator\Desktop\CRM\crm\target\classes;D:\jiangrenbao00\repository\repository\junit\junit\4.12\junit-4.12.jar;D:\jiangrenbao00\repository\repository\org\hamcrest\hamcrest-core\1.3\hamcrest-core-1.3.jar;D:\jiangrenbao00\repository\repository\org\springframework\spring-test\4.3.7.RELEASE\spring-test-4.3.7.RELEASE.jar;D:\jiangrenbao00\repository\repository\mysql\mysql-connector-java\5.1.43\mysql-connector-java-5.1.43.jar;D:\jiangrenbao00\repository\repository\com\alibaba\druid\1.1.1\druid-1.1.1.jar;C:\Program Files\Java\jdk1.8.0_241\jre\..\lib\jconsole.jar;C:\Program Files\Java\jdk1.8.0_241\jre\..\lib\tools.jar;D:\jiangrenbao00\repository\repository\org\mybatis\mybatis\3.4.1\mybatis-3.4.1.jar;D:\jiangrenbao00\repository\repository\org\springframework\spring-context\4.3.9.RELEASE\spring-context-4.3.9.RELEASE.jar;D:\jiangrenbao00\repository\repository\org\springframework\spring-expression\4.3.9.RELEASE\spring-expression-4.3.9.RELEASE.jar;D:\jiangrenbao00\repository\repository\org\springframework\spring-aop\4.3.9.RELEASE\spring-aop-4.3.9.RELEASE.jar;D:\jiangrenbao00\repository\repository\org\springframework\spring-core\4.3.9.RELEASE\spring-core-4.3.9.RELEASE.jar;D:\jiangrenbao00\repository\repository\commons-logging\commons-logging\1.2\commons-logging-1.2.jar;D:\jiangrenbao00\repository\repository\org\springframework\spring-beans\4.3.9.RELEASE\spring-beans-4.3.9.RELEASE.jar;D:\jiangrenbao00\repository\repository\org\springframework\spring-jdbc\4.3.9.RELEASE\spring-jdbc-4.3.9.RELEASE.jar;D:\jiangrenbao00\repository\repository\org\springframework\spring-tx\4.3.9.RELEASE\spring-tx-4.3.9.RELEASE.jar;D:\jiangrenbao00\repository\repository\org\springframework\spring-web\4.3.9.RELEASE\spring-web-4.3.9.RELEASE.jar;D:\jiangrenbao00\repository\repository\org\springframework\spring-webmvc\4.3.9.RELEASE\spring-webmvc-4.3.9.RELEASE.jar;D:\jiangrenbao00\repository\repository\org\springframework\spring-oxm\4.3.9.RELEASE\spring-oxm-4.3.9.RELEASE.jar;D:\jiangrenbao00\repository\repository\org\aspectj\aspectjweaver\1.8.9\aspectjweaver-1.8.9.jar;D:\jiangrenbao00\repository\repository\org\mybatis\mybatis-spring\1.3.0\mybatis-spring-1.3.0.jar;D:\jiangrenbao00\repository\repository\javax\servlet\javax.servlet-api\3.1.0\javax.servlet-api-3.1.0.jar;D:\jiangrenbao00\repository\repository\javax\servlet\jsp\jstl\jstl-api\1.2\jstl-api-1.2.jar;D:\jiangrenbao00\repository\repository\javax\servlet\servlet-api\2.5\servlet-api-2.5.jar;D:\jiangrenbao00\repository\repository\javax\servlet\jsp\jsp-api\2.1\jsp-api-2.1.jar;D:\jiangrenbao00\repository\repository\org\apache\taglibs\taglibs-standard-spec\1.2.1\taglibs-standard-spec-1.2.1.jar;D:\jiangrenbao00\repository\repository\org\apache\taglibs\taglibs-standard-impl\1.2.1\taglibs-standard-impl-1.2.1.jar;D:\jiangrenbao00\repository\repository\com\fasterxml\jackson\core\jackson-core\2.7.3\jackson-core-2.7.3.jar;D:\jiangrenbao00\repository\repository\com\fasterxml\jackson\core\jackson-databind\2.7.3\jackson-databind-2.7.3.jar;D:\jiangrenbao00\repository\repository\com\fasterxml\jackson\core\jackson-annotations\2.7.3\jackson-annotations-2.7.3.jar;D:\jiangrenbao00\repository\repository\org\apache\poi\poi\3.15\poi-3.15.jar;D:\jiangrenbao00\repository\repository\commons-codec\commons-codec\1.10\commons-codec-1.10.jar;D:\jiangrenbao00\repository\repository\org\apache\commons\commons-collections4\4.1\commons-collections4-4.1.jar;D:\jiangrenbao00\repository\repository\commons-fileupload\commons-fileupload\1.3.1\commons-fileupload-1.3.1.jar;D:\jiangrenbao00\repository\repository\commons-io\commons-io\2.2\commons-io-2.2.jar;D:\jiangrenbao00\repository\repository\org\apache\logging\log4j\log4j-api\2.3\log4j-api-2.3.jar;D:\jiangrenbao00\repository\repository\org\apache\logging\log4j\log4j-core\2.3\log4j-core-2.3.jar;D:\jiangrenbao00\repository\repository\org\apache\logging\log4j\log4j-jcl\2.3\log4j-jcl-2.3.jar;"/>
    <property name="java.vm.vendor" value="Oracle Corporation"/>
    <property name="sun.arch.data.model" value="64"/>
    <property name="user.variant" value=""/>
    <property name="java.vendor.url" value="http://java.oracle.com/"/>
    <property name="user.timezone" value="Asia/Shanghai"/>
    <property name="java.vm.specification.version" value="1.8"/>
    <property name="os.name" value="Windows 10"/>
    <property name="user.country" value="CN"/>
    <property name="sun.java.launcher" value="SUN_STANDARD"/>
    <property name="sun.boot.library.path" value="C:\Program Files\Java\jdk1.8.0_241\jre\bin"/>
    <property name="sun.java.command" value="C:\Users\ADMINI~1\AppData\Local\Temp\surefire4355310354269138822\surefirebooter8852072206026745529.jar C:\Users\Administrator\AppData\Local\Temp\surefire4355310354269138822 2021-04-29T22-04-13_456-jvmRun1 surefire386946723354913753tmp surefire_03739297418296097020tmp"/>
    <property name="surefire.test.class.path" value="C:\Users\Administrator\Desktop\CRM\crm\target\test-classes;C:\Users\Administrator\Desktop\CRM\crm\target\classes;D:\jiangrenbao00\repository\repository\junit\junit\4.12\junit-4.12.jar;D:\jiangrenbao00\repository\repository\org\hamcrest\hamcrest-core\1.3\hamcrest-core-1.3.jar;D:\jiangrenbao00\repository\repository\org\springframework\spring-test\4.3.7.RELEASE\spring-test-4.3.7.RELEASE.jar;D:\jiangrenbao00\repository\repository\mysql\mysql-connector-java\5.1.43\mysql-connector-java-5.1.43.jar;D:\jiangrenbao00\repository\repository\com\alibaba\druid\1.1.1\druid-1.1.1.jar;C:\Program Files\Java\jdk1.8.0_241\jre\..\lib\jconsole.jar;C:\Program Files\Java\jdk1.8.0_241\jre\..\lib\tools.jar;D:\jiangrenbao00\repository\repository\org\mybatis\mybatis\3.4.1\mybatis-3.4.1.jar;D:\jiangrenbao00\repository\repository\org\springframework\spring-context\4.3.9.RELEASE\spring-context-4.3.9.RELEASE.jar;D:\jiangrenbao00\repository\repository\org\springframework\spring-expression\4.3.9.RELEASE\spring-expression-4.3.9.RELEASE.jar;D:\jiangrenbao00\repository\repository\org\springframework\spring-aop\4.3.9.RELEASE\spring-aop-4.3.9.RELEASE.jar;D:\jiangrenbao00\repository\repository\org\springframework\spring-core\4.3.9.RELEASE\spring-core-4.3.9.RELEASE.jar;D:\jiangrenbao00\repository\repository\commons-logging\commons-logging\1.2\commons-logging-1.2.jar;D:\jiangrenbao00\repository\repository\org\springframework\spring-beans\4.3.9.RELEASE\spring-beans-4.3.9.RELEASE.jar;D:\jiangrenbao00\repository\repository\org\springframework\spring-jdbc\4.3.9.RELEASE\spring-jdbc-4.3.9.RELEASE.jar;D:\jiangrenbao00\repository\repository\org\springframework\spring-tx\4.3.9.RELEASE\spring-tx-4.3.9.RELEASE.jar;D:\jiangrenbao00\repository\repository\org\springframework\spring-web\4.3.9.RELEASE\spring-web-4.3.9.RELEASE.jar;D:\jiangrenbao00\repository\repository\org\springframework\spring-webmvc\4.3.9.RELEASE\spring-webmvc-4.3.9.RELEASE.jar;D:\jiangrenbao00\repository\repository\org\springframework\spring-oxm\4.3.9.RELEASE\spring-oxm-4.3.9.RELEASE.jar;D:\jiangrenbao00\repository\repository\org\aspectj\aspectjweaver\1.8.9\aspectjweaver-1.8.9.jar;D:\jiangrenbao00\repository\repository\org\mybatis\mybatis-spring\1.3.0\mybatis-spring-1.3.0.jar;D:\jiangrenbao00\repository\repository\javax\servlet\javax.servlet-api\3.1.0\javax.servlet-api-3.1.0.jar;D:\jiangrenbao00\repository\repository\javax\servlet\jsp\jstl\jstl-api\1.2\jstl-api-1.2.jar;D:\jiangrenbao00\repository\repository\javax\servlet\servlet-api\2.5\servlet-api-2.5.jar;D:\jiangrenbao00\repository\repository\javax\servlet\jsp\jsp-api\2.1\jsp-api-2.1.jar;D:\jiangrenbao00\repository\repository\org\apache\taglibs\taglibs-standard-spec\1.2.1\taglibs-standard-spec-1.2.1.jar;D:\jiangrenbao00\repository\repository\org\apache\taglibs\taglibs-standard-impl\1.2.1\taglibs-standard-impl-1.2.1.jar;D:\jiangrenbao00\repository\repository\com\fasterxml\jackson\core\jackson-core\2.7.3\jackson-core-2.7.3.jar;D:\jiangrenbao00\repository\repository\com\fasterxml\jackson\core\jackson-databind\2.7.3\jackson-databind-2.7.3.jar;D:\jiangrenbao00\repository\repository\com\fasterxml\jackson\core\jackson-annotations\2.7.3\jackson-annotations-2.7.3.jar;D:\jiangrenbao00\repository\repository\org\apache\poi\poi\3.15\poi-3.15.jar;D:\jiangrenbao00\repository\repository\commons-codec\commons-codec\1.10\commons-codec-1.10.jar;D:\jiangrenbao00\repository\repository\org\apache\commons\commons-collections4\4.1\commons-collections4-4.1.jar;D:\jiangrenbao00\repository\repository\commons-fileupload\commons-fileupload\1.3.1\commons-fileupload-1.3.1.jar;D:\jiangrenbao00\repository\repository\commons-io\commons-io\2.2\commons-io-2.2.jar;D:\jiangrenbao00\repository\repository\org\apache\logging\log4j\log4j-api\2.3\log4j-api-2.3.jar;D:\jiangrenbao00\repository\repository\org\apache\logging\log4j\log4j-core\2.3\log4j-core-2.3.jar;D:\jiangrenbao00\repository\repository\org\apache\logging\log4j\log4j-jcl\2.3\log4j-jcl-2.3.jar;"/>
    <property name="sun.cpu.endian" value="little"/>
    <property name="user.home" value="C:\Users\Administrator"/>
    <property name="user.language" value="zh"/>
    <property name="java.specification.vendor" value="Oracle Corporation"/>
    <property name="java.home" value="C:\Program Files\Java\jdk1.8.0_241\jre"/>
    <property name="basedir" value="C:\Users\Administrator\Desktop\CRM\crm"/>
    <property name="file.separator" value="\"/>
    <property name="line.separator" value="&#10;"/>
    <property name="java.vm.specification.vendor" value="Oracle Corporation"/>
    <property name="java.specification.name" value="Java Platform API Specification"/>
    <property name="java.awt.graphicsenv" value="sun.awt.Win32GraphicsEnvironment"/>
    <property name="idea.version2020.1.1" value="true"/>
    <property name="surefire.real.class.path" value="C:\Users\ADMINI~1\AppData\Local\Temp\surefire4355310354269138822\surefirebooter8852072206026745529.jar"/>
    <property name="sun.boot.class.path" value="C:\Program Files\Java\jdk1.8.0_241\jre\lib\resources.jar;C:\Program Files\Java\jdk1.8.0_241\jre\lib\rt.jar;C:\Program Files\Java\jdk1.8.0_241\jre\lib\sunrsasign.jar;C:\Program Files\Java\jdk1.8.0_241\jre\lib\jsse.jar;C:\Program Files\Java\jdk1.8.0_241\jre\lib\jce.jar;C:\Program Files\Java\jdk1.8.0_241\jre\lib\charsets.jar;C:\Program Files\Java\jdk1.8.0_241\jre\lib\jfr.jar;C:\Program Files\Java\jdk1.8.0_241\jre\classes"/>
    <property name="user.script" value=""/>
    <property name="sun.management.compiler" value="HotSpot 64-Bit Tiered Compilers"/>
    <property name="java.runtime.version" value="1.8.0_241-b07"/>
    <property name="user.name" value="Administrator"/>
    <property name="path.separator" value=";"/>
    <property name="os.version" value="10.0"/>
    <property name="java.endorsed.dirs" value="C:\Program Files\Java\jdk1.8.0_241\jre\lib\endorsed"/>
    <property name="java.runtime.name" value="Java(TM) SE Runtime Environment"/>
    <property name="file.encoding" value="GBK"/>
    <property name="java.vm.name" value="Java HotSpot(TM) 64-Bit Server VM"/>
    <property name="localRepository" value="D:\jiangrenbao00\repository\repository"/>
    <property name="java.vendor.url.bug" value="http://bugreport.sun.com/bugreport/"/>
    <property name="java.io.tmpdir" value="C:\Users\ADMINI~1\AppData\Local\Temp\"/>
    <property name="java.version" value="1.8.0_241"/>
    <property name="user.dir" value="C:\Users\Administrator\Desktop\CRM\crm"/>
    <property name="os.arch" value="amd64"/>
    <property name="java.vm.specification.name" value="Java Virtual Machine Specification"/>
    <property name="java.awt.printerjob" value="sun.awt.windows.WPrinterJob"/>
    <property name="sun.os.patch.level" value=""/>
    <property name="java.library.path" value="C:\Program Files\Java\jdk1.8.0_241\jre\bin;C:\WINDOWS\Sun\Java\bin;C:\WINDOWS\system32;C:\WINDOWS;C:\Program Files (x86)\Common Files\Oracle\Java\javapath;C:\WINDOWS\system32;C:\WINDOWS;C:\WINDOWS\System32\Wbem;C:\WINDOWS\System32\WindowsPowerShell\v1.0\;C:\WINDOWS\System32\OpenSSH\;C:\Program Files\Java\jdk1.8.0_241\bin;C:\Program Files\Java\jdk1.8.0_241\jre\bin;C:\javastudy\jdk1.8.0_261\bin;C:\Program Files\Java\jdk1.8.0_241\bin;C:\Program Files (x86)\MySQL\MySQL Server 5.5\bin;D:\jiangrenbao00\apache-maven-3.3.9\bin;C:\Users\Administrator\AppData\Local\Microsoft\WindowsApps;;C:\Program Files\JetBrains\IntelliJ IDEA 2018.3.2\bin;;."/>
    <property name="java.vm.info" value="mixed mode"/>
    <property name="java.vendor" value="Oracle Corporation"/>
    <property name="java.vm.version" value="25.241-b07"/>
    <property name="java.ext.dirs" value="C:\Program Files\Java\jdk1.8.0_241\jre\lib\ext;C:\WINDOWS\Sun\Java\lib\ext"/>
    <property name="sun.io.unicode.encoding" value="UnicodeLittle"/>
    <property name="maven.repo.local" value="D:\jiangrenbao00\repository\repository"/>
    <property name="java.class.version" value="52.0"/>
  </properties>
  <testcase name="initializationError" classname="com.crm.BaseTest" time="0.007">
    <error message="No runnable methods" type="java.lang.Exception">java.lang.Exception: No runnable methods
</error>
  </testcase>
</testsuite>